[Info  - 2:56:27 PM] Initialising intelephense 1.6.3
[Info  - 2:56:27 PM] Initialised in 16 ms
[Info  - 2:56:27 PM] Indexing started.
[Info  - 2:56:30 PM] Indexing ended. 314 files indexed in 2s.
[Info  - 2:56:30 PM] Writing state to /home/shinidev/.local/share/Trash/files/bcit-ci-CodeIgniter-b73eb19/~/.vscode-root/User/workspaceStorage/7dfdca86e6ebbf2d18534d343534a107/bmewburn.vscode-intelephense-client/2577382b.
[Info  - 2:56:30 PM] Wrote state in 0.4s.
[Info  - 2:59:31 PM] Indexing started.
[Info  - 2:59:31 PM] Indexing ended. 1 files indexed in 0s.
[Info  - 3:44:26 PM] Indexing started.
[Info  - 3:44:26 PM] Indexing ended. 1 files indexed in 0s.
[Info  - 3:46:07 PM] Indexing started.
[Info  - 3:46:07 PM] Indexing ended. 1 files indexed in 0s.
[Info  - 3:58:08 PM] Indexing started.
[Info  - 3:58:09 PM] Indexing ended. 1 files indexed in 0s.
[Info  - 4:00:11 PM] Indexing started.
[Info  - 4:00:12 PM] Indexing ended. 1 files indexed in 0s.
[Info  - 4:55:09 PM] Indexing started.
[Info  - 4:55:09 PM] Indexing ended. 1 files indexed in 0s.
[Info  - 5:29:22 PM] Indexing started.
[Info  - 5:29:22 PM] Indexing ended. 1 files indexed in 0s.
[Info  - 5:46:22 PM] Indexing started.
[Info  - 5:46:22 PM] Indexing ended. 1 files indexed in 0s.
[Info  - 6:18:42 PM] Indexing started.
[Info  - 6:18:42 PM] Indexing ended. 1 files indexed in 0s.
