[2021-04-19 12:21:38.377] [exthost] [info] extension host started
[2021-04-19 12:21:38.414] [exthost] [info] ExtensionService#_doActivateExtension vscode.debug-auto-launch {"startup":true,"extensionId":{"value":"vscode.debug-auto-launch","_lower":"vscode.debug-auto-launch"},"activationEvent":"*"}
[2021-04-19 12:21:38.414] [exthost] [info] ExtensionService#loadCommonJSModule file:///usr/lib/code/extensions/debug-auto-launch/dist/extension
[2021-04-19 12:21:38.419] [exthost] [info] ExtensionService#_doActivateExtension vscode.git {"startup":true,"extensionId":{"value":"vscode.github","_lower":"vscode.github"},"activationEvent":"*"}
[2021-04-19 12:21:38.420] [exthost] [info] ExtensionService#loadCommonJSModule file:///usr/lib/code/extensions/git/dist/main
[2021-04-19 12:21:38.475] [exthost] [info] ExtensionService#_doActivateExtension CoenraadS.bracket-pair-colorizer-2 {"startup":true,"extensionId":{"value":"CoenraadS.bracket-pair-colorizer-2","_lower":"coenraads.bracket-pair-colorizer-2"},"activationEvent":"*"}
[2021-04-19 12:21:38.475] [exthost] [info] ExtensionService#loadCommonJSModule file:///root/.vscode-oss/extensions/coenraads.bracket-pair-colorizer-2-0.1.4/out/src/extension
[2021-04-19 12:21:38.501] [exthost] [info] ExtensionService#_doActivateExtension vscodevim.vim {"startup":true,"extensionId":{"value":"vscodevim.vim","_lower":"vscodevim.vim"},"activationEvent":"*"}
[2021-04-19 12:21:38.501] [exthost] [info] ExtensionService#loadCommonJSModule file:///root/.vscode-oss/extensions/vscodevim.vim-1.19.3/out/extension
[2021-04-19 12:21:38.620] [exthost] [info] ExtensionService#_doActivateExtension zhuangtongfa.material-theme {"startup":true,"extensionId":{"value":"zhuangtongfa.material-theme","_lower":"zhuangtongfa.material-theme"},"activationEvent":"*"}
[2021-04-19 12:21:38.620] [exthost] [info] ExtensionService#loadCommonJSModule file:///root/.vscode-oss/extensions/zhuangtongfa.material-theme-3.9.15/out/extension.js
[2021-04-19 12:21:38.798] [exthost] [info] ExtensionService#_doActivateExtension vscode.github {"startup":true,"extensionId":{"value":"vscode.github","_lower":"vscode.github"},"activationEvent":"*"}
[2021-04-19 12:21:38.798] [exthost] [info] ExtensionService#loadCommonJSModule file:///usr/lib/code/extensions/github/dist/extension.js
[2021-04-19 12:21:38.822] [exthost] [info] ExtensionService#_doActivateExtension ms-vscode.js-debug {"startup":false,"extensionId":{"value":"ms-vscode.js-debug","_lower":"ms-vscode.js-debug"},"activationEvent":"onCommand:extension.js-debug.clearAutoAttachVariables"}
[2021-04-19 12:21:38.822] [exthost] [info] ExtensionService#loadCommonJSModule file:///usr/lib/code/extensions/ms-vscode.js-debug/src/extension.js
[2021-04-19 12:21:39.005] [exthost] [info] eager extensions activated
[2021-04-19 12:21:39.026] [exthost] [info] ExtensionService#_doActivateExtension vscode.emmet {"startup":false,"extensionId":{"value":"vscode.emmet","_lower":"vscode.emmet"},"activationEvent":"onStartupFinished"}
[2021-04-19 12:21:39.026] [exthost] [info] ExtensionService#loadCommonJSModule file:///usr/lib/code/extensions/emmet/dist/node/emmetNodeMain
[2021-04-19 12:21:39.056] [exthost] [info] ExtensionService#_doActivateExtension vscode.merge-conflict {"startup":false,"extensionId":{"value":"vscode.merge-conflict","_lower":"vscode.merge-conflict"},"activationEvent":"onStartupFinished"}
[2021-04-19 12:21:39.056] [exthost] [info] ExtensionService#loadCommonJSModule file:///usr/lib/code/extensions/merge-conflict/dist/mergeConflictMain
[2021-04-19 12:21:39.063] [exthost] [info] ExtensionService#_doActivateExtension vscode.testing-editor-contributions {"startup":false,"extensionId":{"value":"vscode.testing-editor-contributions","_lower":"vscode.testing-editor-contributions"},"activationEvent":"onStartupFinished"}
[2021-04-19 12:21:39.063] [exthost] [info] ExtensionService#loadCommonJSModule file:///usr/lib/code/extensions/testing-editor-contributions/dist/extension.js
[2021-04-19 12:22:03.071] [exthost] [info] extension host terminating: received terminate message from renderer
[2021-04-19 12:22:04.082] [exthost] [info] exiting with code 0
[2021-04-19 12:22:05.430] [exthost] [info] extension host started
[2021-04-19 12:22:05.492] [exthost] [info] ExtensionService#_doActivateExtension vscode.debug-auto-launch {"startup":true,"extensionId":{"value":"vscode.debug-auto-launch","_lower":"vscode.debug-auto-launch"},"activationEvent":"*"}
[2021-04-19 12:22:05.493] [exthost] [info] ExtensionService#loadCommonJSModule file:///usr/lib/code/extensions/debug-auto-launch/dist/extension
[2021-04-19 12:22:05.499] [exthost] [info] ExtensionService#_doActivateExtension vscode.git {"startup":true,"extensionId":{"value":"vscode.github","_lower":"vscode.github"},"activationEvent":"*"}
[2021-04-19 12:22:05.499] [exthost] [info] ExtensionService#loadCommonJSModule file:///usr/lib/code/extensions/git/dist/main
[2021-04-19 12:22:05.553] [exthost] [info] ExtensionService#_doActivateExtension CoenraadS.bracket-pair-colorizer-2 {"startup":true,"extensionId":{"value":"CoenraadS.bracket-pair-colorizer-2","_lower":"coenraads.bracket-pair-colorizer-2"},"activationEvent":"*"}
[2021-04-19 12:22:05.553] [exthost] [info] ExtensionService#loadCommonJSModule file:///root/.vscode-oss/extensions/coenraads.bracket-pair-colorizer-2-0.1.4/out/src/extension
[2021-04-19 12:22:05.577] [exthost] [info] ExtensionService#_doActivateExtension vscodevim.vim {"startup":true,"extensionId":{"value":"vscodevim.vim","_lower":"vscodevim.vim"},"activationEvent":"*"}
[2021-04-19 12:22:05.577] [exthost] [info] ExtensionService#loadCommonJSModule file:///root/.vscode-oss/extensions/vscodevim.vim-1.19.3/out/extension
[2021-04-19 12:22:05.691] [exthost] [info] ExtensionService#_doActivateExtension zhuangtongfa.material-theme {"startup":true,"extensionId":{"value":"zhuangtongfa.material-theme","_lower":"zhuangtongfa.material-theme"},"activationEvent":"*"}
[2021-04-19 12:22:05.691] [exthost] [info] ExtensionService#loadCommonJSModule file:///root/.vscode-oss/extensions/zhuangtongfa.material-theme-3.9.15/out/extension.js
[2021-04-19 12:22:05.925] [exthost] [info] ExtensionService#_doActivateExtension vscode.github {"startup":true,"extensionId":{"value":"vscode.github","_lower":"vscode.github"},"activationEvent":"*"}
[2021-04-19 12:22:05.925] [exthost] [info] ExtensionService#loadCommonJSModule file:///usr/lib/code/extensions/github/dist/extension.js
[2021-04-19 12:22:05.970] [exthost] [info] ExtensionService#_doActivateExtension ms-vscode.js-debug {"startup":false,"extensionId":{"value":"ms-vscode.js-debug","_lower":"ms-vscode.js-debug"},"activationEvent":"onCommand:extension.js-debug.clearAutoAttachVariables"}
[2021-04-19 12:22:05.971] [exthost] [info] ExtensionService#loadCommonJSModule file:///usr/lib/code/extensions/ms-vscode.js-debug/src/extension.js
[2021-04-19 12:22:06.236] [exthost] [info] eager extensions activated
[2021-04-19 12:22:06.244] [exthost] [info] ExtensionService#_doActivateExtension vscode.emmet {"startup":false,"extensionId":{"value":"vscode.emmet","_lower":"vscode.emmet"},"activationEvent":"onStartupFinished"}
[2021-04-19 12:22:06.244] [exthost] [info] ExtensionService#loadCommonJSModule file:///usr/lib/code/extensions/emmet/dist/node/emmetNodeMain
[2021-04-19 12:22:06.259] [exthost] [info] ExtensionService#_doActivateExtension vscode.merge-conflict {"startup":false,"extensionId":{"value":"vscode.merge-conflict","_lower":"vscode.merge-conflict"},"activationEvent":"onStartupFinished"}
[2021-04-19 12:22:06.259] [exthost] [info] ExtensionService#loadCommonJSModule file:///usr/lib/code/extensions/merge-conflict/dist/mergeConflictMain
[2021-04-19 12:22:06.264] [exthost] [info] ExtensionService#_doActivateExtension vscode.testing-editor-contributions {"startup":false,"extensionId":{"value":"vscode.testing-editor-contributions","_lower":"vscode.testing-editor-contributions"},"activationEvent":"onStartupFinished"}
[2021-04-19 12:22:06.264] [exthost] [info] ExtensionService#loadCommonJSModule file:///usr/lib/code/extensions/testing-editor-contributions/dist/extension.js
[2021-04-19 14:56:25.507] [exthost] [info] ExtensionService#_doActivateExtension vscode.php-language-features {"startup":false,"extensionId":{"value":"vscode.php-language-features","_lower":"vscode.php-language-features"},"activationEvent":"onLanguage:php"}
[2021-04-19 14:56:25.509] [exthost] [info] ExtensionService#loadCommonJSModule file:///usr/lib/code/extensions/php-language-features/dist/phpMain
[2021-04-19 14:56:25.562] [exthost] [info] ExtensionService#_doActivateExtension bmewburn.vscode-intelephense-client {"startup":false,"extensionId":{"value":"bmewburn.vscode-intelephense-client","_lower":"bmewburn.vscode-intelephense-client"},"activationEvent":"onLanguage:php"}
[2021-04-19 14:56:25.562] [exthost] [info] ExtensionService#loadCommonJSModule file:///root/.vscode-oss/extensions/bmewburn.vscode-intelephense-client-1.6.3/lib/extension
[2021-04-19 14:58:07.263] [exthost] [info] ExtensionService#_doActivateExtension sainnhe.gruvbox-material {"startup":false,"extensionId":{"value":"sainnhe.gruvbox-material","_lower":"sainnhe.gruvbox-material"},"activationEvent":"*"}
[2021-04-19 14:58:07.263] [exthost] [info] ExtensionService#loadCommonJSModule file:///root/.vscode-oss/extensions/sainnhe.gruvbox-material-6.4.0/out/extension.js
[2021-04-19 14:58:09.887] [exthost] [info] ExtensionService#_doActivateExtension vscode.configuration-editing {"startup":false,"extensionId":{"value":"vscode.configuration-editing","_lower":"vscode.configuration-editing"},"activationEvent":"onLanguage:jsonc"}
[2021-04-19 14:58:09.887] [exthost] [info] ExtensionService#loadCommonJSModule file:///usr/lib/code/extensions/configuration-editing/dist/configurationEditingMain
[2021-04-19 14:58:10.014] [exthost] [info] ExtensionService#_doActivateExtension vscode.json-language-features {"startup":false,"extensionId":{"value":"vscode.json-language-features","_lower":"vscode.json-language-features"},"activationEvent":"onLanguage:jsonc"}
[2021-04-19 14:58:10.014] [exthost] [info] ExtensionService#loadCommonJSModule file:///usr/lib/code/extensions/json-language-features/client/dist/node/jsonClientMain
[2021-04-19 14:58:10.102] [exthost] [info] ExtensionService#_doActivateExtension vscode.typescript-language-features {"startup":false,"extensionId":{"value":"vscode.typescript-language-features","_lower":"vscode.typescript-language-features"},"activationEvent":"onLanguage:jsonc"}
[2021-04-19 14:58:10.102] [exthost] [info] ExtensionService#loadCommonJSModule file:///usr/lib/code/extensions/typescript-language-features/dist/extension
[2021-04-19 15:34:04.711] [exthost] [warning] TextEditor is closed/disposed
[2021-04-19 15:34:04.711] [exthost] [warning] TextEditor is closed/disposed
[2021-04-19 15:46:41.284] [exthost] [warning] TextEditor is closed/disposed
[2021-04-19 15:46:41.285] [exthost] [warning] TextEditor is closed/disposed
[2021-04-19 15:46:41.300] [exthost] [warning] {"name":"DISPOSED","message":"TextEditor(vs.editor.ICodeEditor:1,$model10) has been disposed"}
[2021-04-19 15:46:41.881] [exthost] [warning] TextEditor is closed/disposed
[2021-04-19 15:46:41.881] [exthost] [warning] TextEditor is closed/disposed
[2021-04-19 15:46:41.893] [exthost] [warning] {"name":"DISPOSED","message":"TextEditor(vs.editor.ICodeEditor:1,$model9) has been disposed"}
[2021-04-19 16:01:57.036] [exthost] [warning] TextEditor is closed/disposed
[2021-04-19 16:01:57.036] [exthost] [warning] TextEditor is closed/disposed
[2021-04-19 16:01:57.058] [exthost] [warning] {"name":"DISPOSED","message":"TextEditor(vs.editor.ICodeEditor:1,$model13) has been disposed"}
[2021-04-19 16:03:28.373] [exthost] [warning] TextEditor is closed/disposed
[2021-04-19 16:03:28.373] [exthost] [warning] TextEditor is closed/disposed
[2021-04-19 16:03:42.018] [exthost] [warning] TextEditor is closed/disposed
[2021-04-19 16:03:42.018] [exthost] [warning] TextEditor is closed/disposed
[2021-04-19 16:03:54.824] [exthost] [warning] TextEditor is closed/disposed
[2021-04-19 16:03:54.824] [exthost] [warning] TextEditor is closed/disposed
[2021-04-19 16:05:23.573] [exthost] [warning] TextEditor is closed/disposed
[2021-04-19 16:05:23.573] [exthost] [warning] TextEditor is closed/disposed
[2021-04-19 16:05:28.859] [exthost] [warning] TextEditor is closed/disposed
[2021-04-19 16:05:28.860] [exthost] [warning] TextEditor is closed/disposed
[2021-04-19 16:05:53.088] [exthost] [error] [bmewburn.vscode-intelephense-client] provider FAILED
[2021-04-19 16:05:53.095] [exthost] [error] Canceled: Canceled
    at w.makeCancelError (/root/.vscode-oss/extensions/bmewburn.vscode-intelephense-client-1.6.3/lib/extension.js:1:128320)
    at w.handleFailedRequest (/root/.vscode-oss/extensions/bmewburn.vscode-intelephense-client-1.6.3/lib/extension.js:1:128171)
    at /root/.vscode-oss/extensions/bmewburn.vscode-intelephense-client-1.6.3/lib/extension.js:1:93044
[2021-04-19 16:06:04.277] [exthost] [warning] TextEditor is closed/disposed
[2021-04-19 16:06:04.277] [exthost] [warning] TextEditor is closed/disposed
[2021-04-19 16:06:04.330] [exthost] [error] [bmewburn.vscode-intelephense-client] provider FAILED
[2021-04-19 16:06:04.331] [exthost] [error] Canceled: Canceled
    at w.makeCancelError (/root/.vscode-oss/extensions/bmewburn.vscode-intelephense-client-1.6.3/lib/extension.js:1:128320)
    at w.handleFailedRequest (/root/.vscode-oss/extensions/bmewburn.vscode-intelephense-client-1.6.3/lib/extension.js:1:128171)
    at /root/.vscode-oss/extensions/bmewburn.vscode-intelephense-client-1.6.3/lib/extension.js:1:91986
    at runNextTicks (internal/process/task_queues.js:62:5)
    at processImmediate (internal/timers.js:429:9)
[2021-04-19 16:06:47.773] [exthost] [warning] TextEditor is closed/disposed
[2021-04-19 16:06:47.773] [exthost] [warning] TextEditor is closed/disposed
[2021-04-19 16:53:19.055] [exthost] [warning] TextEditor is closed/disposed
[2021-04-19 16:53:19.055] [exthost] [warning] TextEditor is closed/disposed
[2021-04-19 16:53:19.106] [exthost] [warning] {"name":"DISPOSED","message":"TextEditor(vs.editor.ICodeEditor:1,$model26) has been disposed"}
[2021-04-19 16:56:46.624] [exthost] [error] [bmewburn.vscode-intelephense-client] provider FAILED
[2021-04-19 16:56:46.625] [exthost] [error] Canceled: Canceled
    at w.makeCancelError (/root/.vscode-oss/extensions/bmewburn.vscode-intelephense-client-1.6.3/lib/extension.js:1:128320)
    at w.handleFailedRequest (/root/.vscode-oss/extensions/bmewburn.vscode-intelephense-client-1.6.3/lib/extension.js:1:128171)
    at /root/.vscode-oss/extensions/bmewburn.vscode-intelephense-client-1.6.3/lib/extension.js:1:93044
[2021-04-19 17:02:33.123] [exthost] [info] ExtensionService#_doActivateExtension small.php-ci {"startup":false,"extensionId":{"value":"small.php-ci","_lower":"small.php-ci"},"activationEvent":"onLanguage:php"}
[2021-04-19 17:02:33.123] [exthost] [info] ExtensionService#loadCommonJSModule file:///root/.vscode-oss/extensions/small.php-ci-0.4.2/out/src/extension
[2021-04-19 17:29:33.050] [exthost] [error] [bmewburn.vscode-intelephense-client] provider FAILED
[2021-04-19 17:29:33.050] [exthost] [error] Canceled: Canceled
    at w.makeCancelError (/root/.vscode-oss/extensions/bmewburn.vscode-intelephense-client-1.6.3/lib/extension.js:1:128320)
    at w.handleFailedRequest (/root/.vscode-oss/extensions/bmewburn.vscode-intelephense-client-1.6.3/lib/extension.js:1:128171)
    at /root/.vscode-oss/extensions/bmewburn.vscode-intelephense-client-1.6.3/lib/extension.js:1:93044
[2021-04-19 17:29:46.733] [exthost] [error] [bmewburn.vscode-intelephense-client] provider FAILED
[2021-04-19 17:29:46.733] [exthost] [error] Canceled: Canceled
    at w.makeCancelError (/root/.vscode-oss/extensions/bmewburn.vscode-intelephense-client-1.6.3/lib/extension.js:1:128320)
    at w.handleFailedRequest (/root/.vscode-oss/extensions/bmewburn.vscode-intelephense-client-1.6.3/lib/extension.js:1:128171)
    at /root/.vscode-oss/extensions/bmewburn.vscode-intelephense-client-1.6.3/lib/extension.js:1:93044
[2021-04-19 17:31:59.987] [exthost] [error] [bmewburn.vscode-intelephense-client] provider FAILED
[2021-04-19 17:31:59.987] [exthost] [error] Canceled: Canceled
    at w.makeCancelError (/root/.vscode-oss/extensions/bmewburn.vscode-intelephense-client-1.6.3/lib/extension.js:1:128320)
    at w.handleFailedRequest (/root/.vscode-oss/extensions/bmewburn.vscode-intelephense-client-1.6.3/lib/extension.js:1:128171)
    at /root/.vscode-oss/extensions/bmewburn.vscode-intelephense-client-1.6.3/lib/extension.js:1:93044
[2021-04-19 17:37:06.673] [exthost] [error] [bmewburn.vscode-intelephense-client] provider FAILED
[2021-04-19 17:37:06.673] [exthost] [error] Canceled: Canceled
    at w.makeCancelError (/root/.vscode-oss/extensions/bmewburn.vscode-intelephense-client-1.6.3/lib/extension.js:1:128320)
    at w.handleFailedRequest (/root/.vscode-oss/extensions/bmewburn.vscode-intelephense-client-1.6.3/lib/extension.js:1:128171)
    at /root/.vscode-oss/extensions/bmewburn.vscode-intelephense-client-1.6.3/lib/extension.js:1:93044
[2021-04-19 17:44:55.116] [exthost] [error] [small.php-ci] provider FAILED
[2021-04-19 17:44:55.119] [exthost] [error] Error: Illegal argument: range
    at Object.k [as illegalArgument] (/usr/lib/code/out/vs/workbench/services/extensions/node/extensionHostProcess.js:5:1232)
    at new je (/usr/lib/code/out/vs/workbench/services/extensions/node/extensionHostProcess.js:81:31782)
    at new je (/usr/lib/code/out/vs/workbench/services/extensions/node/extensionHostProcess.js:81:11705)
    at new ProtocolDocumentLink (/root/.vscode-oss/extensions/small.php-ci-0.4.2/node_modules/vscode-languageclient/lib/protocolDocumentLink.js:10:9)
    at asDocumentLink (/root/.vscode-oss/extensions/small.php-ci-0.4.2/node_modules/vscode-languageclient/lib/protocolConverter.js:466:20)
    at Array.map (<anonymous>)
    at asDocumentLinks (/root/.vscode-oss/extensions/small.php-ci-0.4.2/node_modules/vscode-languageclient/lib/protocolConverter.js:476:22)
[2021-04-19 17:45:09.488] [exthost] [error] [small.php-ci] provider FAILED
[2021-04-19 17:45:09.488] [exthost] [error] Error: Illegal argument: range
    at Object.k [as illegalArgument] (/usr/lib/code/out/vs/workbench/services/extensions/node/extensionHostProcess.js:5:1232)
    at new je (/usr/lib/code/out/vs/workbench/services/extensions/node/extensionHostProcess.js:81:31782)
    at new je (/usr/lib/code/out/vs/workbench/services/extensions/node/extensionHostProcess.js:81:11705)
    at new ProtocolDocumentLink (/root/.vscode-oss/extensions/small.php-ci-0.4.2/node_modules/vscode-languageclient/lib/protocolDocumentLink.js:10:9)
    at asDocumentLink (/root/.vscode-oss/extensions/small.php-ci-0.4.2/node_modules/vscode-languageclient/lib/protocolConverter.js:466:20)
    at Array.map (<anonymous>)
    at asDocumentLinks (/root/.vscode-oss/extensions/small.php-ci-0.4.2/node_modules/vscode-languageclient/lib/protocolConverter.js:476:22)
[2021-04-19 17:56:37.616] [exthost] [error] [bmewburn.vscode-intelephense-client] provider FAILED
[2021-04-19 17:56:37.616] [exthost] [error] Canceled: Canceled
    at w.makeCancelError (/root/.vscode-oss/extensions/bmewburn.vscode-intelephense-client-1.6.3/lib/extension.js:1:128320)
    at w.handleFailedRequest (/root/.vscode-oss/extensions/bmewburn.vscode-intelephense-client-1.6.3/lib/extension.js:1:128171)
    at /root/.vscode-oss/extensions/bmewburn.vscode-intelephense-client-1.6.3/lib/extension.js:1:93044
    at runNextTicks (internal/process/task_queues.js:62:5)
    at processImmediate (internal/timers.js:429:9)
[2021-04-19 17:59:41.499] [exthost] [error] [bmewburn.vscode-intelephense-client] provider FAILED
[2021-04-19 17:59:41.500] [exthost] [error] Canceled: Canceled
    at w.makeCancelError (/root/.vscode-oss/extensions/bmewburn.vscode-intelephense-client-1.6.3/lib/extension.js:1:128320)
    at w.handleFailedRequest (/root/.vscode-oss/extensions/bmewburn.vscode-intelephense-client-1.6.3/lib/extension.js:1:128171)
    at /root/.vscode-oss/extensions/bmewburn.vscode-intelephense-client-1.6.3/lib/extension.js:1:93044
[2021-04-19 18:19:28.114] [exthost] [error] [bmewburn.vscode-intelephense-client] provider FAILED
[2021-04-19 18:19:28.114] [exthost] [error] Canceled: Canceled
    at w.makeCancelError (/root/.vscode-oss/extensions/bmewburn.vscode-intelephense-client-1.6.3/lib/extension.js:1:128320)
    at w.handleFailedRequest (/root/.vscode-oss/extensions/bmewburn.vscode-intelephense-client-1.6.3/lib/extension.js:1:128171)
    at /root/.vscode-oss/extensions/bmewburn.vscode-intelephense-client-1.6.3/lib/extension.js:1:93044
[2021-04-19 18:19:39.769] [exthost] [error] [bmewburn.vscode-intelephense-client] provider FAILED
[2021-04-19 18:19:39.769] [exthost] [error] Canceled: Canceled
    at w.makeCancelError (/root/.vscode-oss/extensions/bmewburn.vscode-intelephense-client-1.6.3/lib/extension.js:1:128320)
    at w.handleFailedRequest (/root/.vscode-oss/extensions/bmewburn.vscode-intelephense-client-1.6.3/lib/extension.js:1:128171)
    at /root/.vscode-oss/extensions/bmewburn.vscode-intelephense-client-1.6.3/lib/extension.js:1:93044
[2021-04-19 18:22:42.504] [exthost] [error] [bmewburn.vscode-intelephense-client] provider FAILED
[2021-04-19 18:22:42.505] [exthost] [error] Canceled: Canceled
    at w.makeCancelError (/root/.vscode-oss/extensions/bmewburn.vscode-intelephense-client-1.6.3/lib/extension.js:1:128320)
    at w.handleFailedRequest (/root/.vscode-oss/extensions/bmewburn.vscode-intelephense-client-1.6.3/lib/extension.js:1:128171)
    at /root/.vscode-oss/extensions/bmewburn.vscode-intelephense-client-1.6.3/lib/extension.js:1:93044
[2021-04-19 18:26:26.811] [exthost] [error] [bmewburn.vscode-intelephense-client] provider FAILED
[2021-04-19 18:26:26.811] [exthost] [error] Canceled: Canceled
    at w.makeCancelError (/root/.vscode-oss/extensions/bmewburn.vscode-intelephense-client-1.6.3/lib/extension.js:1:128320)
    at w.handleFailedRequest (/root/.vscode-oss/extensions/bmewburn.vscode-intelephense-client-1.6.3/lib/extension.js:1:128171)
    at /root/.vscode-oss/extensions/bmewburn.vscode-intelephense-client-1.6.3/lib/extension.js:1:93044
[2021-04-19 18:40:44.110] [exthost] [error] [bmewburn.vscode-intelephense-client] provider FAILED
[2021-04-19 18:40:44.111] [exthost] [error] Canceled: Canceled
    at w.makeCancelError (/root/.vscode-oss/extensions/bmewburn.vscode-intelephense-client-1.6.3/lib/extension.js:1:128320)
    at w.handleFailedRequest (/root/.vscode-oss/extensions/bmewburn.vscode-intelephense-client-1.6.3/lib/extension.js:1:128171)
    at /root/.vscode-oss/extensions/bmewburn.vscode-intelephense-client-1.6.3/lib/extension.js:1:93044
[2021-04-19 18:40:46.770] [exthost] [error] [bmewburn.vscode-intelephense-client] provider FAILED
[2021-04-19 18:40:46.770] [exthost] [error] Canceled: Canceled
    at w.makeCancelError (/root/.vscode-oss/extensions/bmewburn.vscode-intelephense-client-1.6.3/lib/extension.js:1:128320)
    at w.handleFailedRequest (/root/.vscode-oss/extensions/bmewburn.vscode-intelephense-client-1.6.3/lib/extension.js:1:128171)
    at /root/.vscode-oss/extensions/bmewburn.vscode-intelephense-client-1.6.3/lib/extension.js:1:93044
[2021-04-19 18:44:54.161] [exthost] [error] [bmewburn.vscode-intelephense-client] provider FAILED
[2021-04-19 18:44:54.161] [exthost] [error] Canceled: Canceled
    at w.makeCancelError (/root/.vscode-oss/extensions/bmewburn.vscode-intelephense-client-1.6.3/lib/extension.js:1:128320)
    at w.handleFailedRequest (/root/.vscode-oss/extensions/bmewburn.vscode-intelephense-client-1.6.3/lib/extension.js:1:128171)
    at /root/.vscode-oss/extensions/bmewburn.vscode-intelephense-client-1.6.3/lib/extension.js:1:93044
[2021-04-19 18:45:02.248] [exthost] [error] [bmewburn.vscode-intelephense-client] provider FAILED
[2021-04-19 18:45:02.249] [exthost] [error] Canceled: Canceled
    at w.makeCancelError (/root/.vscode-oss/extensions/bmewburn.vscode-intelephense-client-1.6.3/lib/extension.js:1:128320)
    at w.handleFailedRequest (/root/.vscode-oss/extensions/bmewburn.vscode-intelephense-client-1.6.3/lib/extension.js:1:128171)
    at /root/.vscode-oss/extensions/bmewburn.vscode-intelephense-client-1.6.3/lib/extension.js:1:93044
[2021-04-19 18:45:17.886] [exthost] [error] [bmewburn.vscode-intelephense-client] provider FAILED
[2021-04-19 18:45:17.886] [exthost] [error] Canceled: Canceled
    at w.makeCancelError (/root/.vscode-oss/extensions/bmewburn.vscode-intelephense-client-1.6.3/lib/extension.js:1:128320)
    at w.handleFailedRequest (/root/.vscode-oss/extensions/bmewburn.vscode-intelephense-client-1.6.3/lib/extension.js:1:128171)
    at /root/.vscode-oss/extensions/bmewburn.vscode-intelephense-client-1.6.3/lib/extension.js:1:93044
[2021-04-19 18:47:17.741] [exthost] [error] [bmewburn.vscode-intelephense-client] provider FAILED
[2021-04-19 18:47:17.742] [exthost] [error] Canceled: Canceled
    at w.makeCancelError (/root/.vscode-oss/extensions/bmewburn.vscode-intelephense-client-1.6.3/lib/extension.js:1:128320)
    at w.handleFailedRequest (/root/.vscode-oss/extensions/bmewburn.vscode-intelephense-client-1.6.3/lib/extension.js:1:128171)
    at /root/.vscode-oss/extensions/bmewburn.vscode-intelephense-client-1.6.3/lib/extension.js:1:93044
[2021-04-19 18:48:57.698] [exthost] [error] [bmewburn.vscode-intelephense-client] provider FAILED
[2021-04-19 18:48:57.699] [exthost] [error] Canceled: Canceled
    at w.makeCancelError (/root/.vscode-oss/extensions/bmewburn.vscode-intelephense-client-1.6.3/lib/extension.js:1:128320)
    at w.handleFailedRequest (/root/.vscode-oss/extensions/bmewburn.vscode-intelephense-client-1.6.3/lib/extension.js:1:128171)
    at /root/.vscode-oss/extensions/bmewburn.vscode-intelephense-client-1.6.3/lib/extension.js:1:93044
[2021-04-19 18:51:36.218] [exthost] [error] [bmewburn.vscode-intelephense-client] provider FAILED
[2021-04-19 18:51:36.218] [exthost] [error] Canceled: Canceled
    at w.makeCancelError (/root/.vscode-oss/extensions/bmewburn.vscode-intelephense-client-1.6.3/lib/extension.js:1:128320)
    at w.handleFailedRequest (/root/.vscode-oss/extensions/bmewburn.vscode-intelephense-client-1.6.3/lib/extension.js:1:128171)
    at /root/.vscode-oss/extensions/bmewburn.vscode-intelephense-client-1.6.3/lib/extension.js:1:93044
[2021-04-19 18:53:32.767] [exthost] [error] [bmewburn.vscode-intelephense-client] provider FAILED
[2021-04-19 18:53:32.768] [exthost] [error] Canceled: Canceled
    at w.makeCancelError (/root/.vscode-oss/extensions/bmewburn.vscode-intelephense-client-1.6.3/lib/extension.js:1:128320)
    at w.handleFailedRequest (/root/.vscode-oss/extensions/bmewburn.vscode-intelephense-client-1.6.3/lib/extension.js:1:128171)
    at /root/.vscode-oss/extensions/bmewburn.vscode-intelephense-client-1.6.3/lib/extension.js:1:88386
[2021-04-19 20:09:23.742] [exthost] [info] extension host terminating: received terminate message from renderer
[2021-04-19 20:09:24.762] [exthost] [info] exiting with code 0
